============================= test session starts =============================
platform win32 -- Python 3.10.5, pytest-9.1.1, pluggy-1.6.0 -- <project_root>\venv\Scripts\python.exe
cachedir: .pytest_cache
rootdir: <project_root>
plugins: anyio-4.14.1
collecting ... collected 11 items

tests/test_health.py::test_health_check PASSED                           [  9%]
tests/test_tickets.py::test_authentication_missing_key PASSED            [ 18%]
tests/test_tickets.py::test_authentication_invalid_key PASSED            [ 27%]
tests/test_tickets.py::test_create_ticket_success PASSED                 [ 36%]
tests/test_tickets.py::test_create_ticket_validation_failures PASSED     [ 45%]
tests/test_tickets.py::test_read_ticket_by_id PASSED                     [ 54%]
tests/test_tickets.py::test_read_ticket_not_found PASSED                 [ 63%]
tests/test_tickets.py::test_update_ticket_success PASSED                 [ 72%]
tests/test_tickets.py::test_delete_ticket_success PASSED                 [ 81%]
tests/test_tickets.py::test_tickets_pagination PASSED                    [ 90%]
tests/test_tickets.py::test_tickets_search_filters PASSED                [100%]

============================== warnings summary ===============================
venv\lib\site-packages\fastapi\testclient.py:1
  <project_root>\venv\lib\site-packages\fastapi\testclient.py:1: StarletteDeprecationWarning: Using `httpx` with `starlette.testclient` is deprecated; install `httpx2` instead.
    from starlette.testclient import TestClient as TestClient  # noqa

tests/test_tickets.py::test_create_ticket_validation_failures
  <project_root>\venv\lib\site-packages\starlette\_exception_handler.py:59: StarletteDeprecationWarning: 'HTTP_422_UNPROCESSABLE_ENTITY' is deprecated. Use 'HTTP_422_UNPROCESSABLE_CONTENT' instead.
    response = await handler(conn, exc)  # type: ignore[arg-type]

-- Docs: https://docs.pytest.org/en/stable/how-to/capture-warnings.html
======================= 11 passed, 2 warnings in 0.83s ========================
